<?xml version="1.0" encoding="UTF-8" ?>
<testsuite tests="1" failures="0" name="cool.smhw.MyTest" time="1.06" errors="0" skipped="0">
  <properties>
    <property name="java.runtime.name" value="Java(TM) SE Runtime Environment"/>
    <property name="sun.boot.library.path" value="E:\soft\JDK1\jre\bin"/>
    <property name="java.vm.version" value="25.211-b12"/>
    <property name="java.vm.vendor" value="Oracle Corporation"/>
    <property name="maven.multiModuleProjectDirectory" value="E:\框架学习\Framework\springlearn\SpringLearn\Step_Three"/>
    <property name="java.vendor.url" value="http://java.oracle.com/"/>
    <property name="path.separator" value=";"/>
    <property name="guice.disable.misplaced.annotation.check" value="true"/>
    <property name="java.vm.name" value="Java HotSpot(TM) 64-Bit Server VM"/>
    <property name="file.encoding.pkg" value="sun.io"/>
    <property name="user.script" value=""/>
    <property name="user.country" value="CN"/>
    <property name="sun.java.launcher" value="SUN_STANDARD"/>
    <property name="sun.os.patch.level" value=""/>
    <property name="java.vm.specification.name" value="Java Virtual Machine Specification"/>
    <property name="user.dir" value="E:\框架学习\Framework\springlearn\SpringLearn\Step_Three"/>
    <property name="java.runtime.version" value="1.8.0_211-b12"/>
    <property name="java.awt.graphicsenv" value="sun.awt.Win32GraphicsEnvironment"/>
    <property name="java.endorsed.dirs" value="E:\soft\JDK1\jre\lib\endorsed"/>
    <property name="os.arch" value="amd64"/>
    <property name="java.io.tmpdir" value="C:\Users\Sam\AppData\Local\Temp\"/>
    <property name="line.separator" value="
"/>
    <property name="java.vm.specification.vendor" value="Oracle Corporation"/>
    <property name="user.variant" value=""/>
    <property name="os.name" value="Windows 10"/>
    <property name="idea.version2020.1" value="true"/>
    <property name="maven.ext.class.path" value="E:\soft\IDESet\idea\IntelliJ IDEA 2020.1\plugins\maven\lib\maven-event-listener.jar"/>
    <property name="archetypeCatalog" value="internal"/>
    <property name="classworlds.conf" value="E:\myMaven\apache-maven-3.6.3\bin\m2.conf"/>
    <property name="sun.jnu.encoding" value="GBK"/>
    <property name="java.library.path" value="E:\soft\JDK1\bin;C:\Windows\Sun\Java\bin;C:\Windows\system32;C:\Windows;E:\soft\Xshell\;C:\Program Files (x86)\Common Files\Oracle\Java\javapath;E:\soft\MPIPM\Bin\;C:\Windows\system32;C:\Windows;C:\Windows\System32\Wbem;C:\Windows\System32\WindowsPowerShell\v1.0\;C:\Windows\System32\OpenSSH\;E:\soft\IDESet\matlab\runtime\win64;E:\soft\IDESet\matlab\bin;E:\soft\IDESet\matlab\polyspace\bin;E:\soft\NodeJs\;E:\soft\compiler\bin;E:\soft\Git\Git\cmd;C:\Program Files (x86)\Pandoc\;C:\Users\Sam\AppData\Local\Programs\Python\Python37-32\Scripts\;C:\Users\Sam\AppData\Local\Programs\Python\Python37-32\;C:\Users\Sam\AppData\Local\Microsoft\WindowsApps;C:\Users\Sam\AppData\Roaming\npm;E:\soft\解压缩软件\;E:\soft\IDESet\idea\IntelliJ IDEA 2020.1\bin;;E:\myMaven\apache-maven-3.6.3\bin;E:\soft\JDK\bin;E:\实习准备\Tomcat9\apache-tomcat-9.0.38\bin;C:\Program Files\MySQL\MySQL Server 8.0\bin;;."/>
    <property name="maven.conf" value="E:\myMaven\apache-maven-3.6.3/conf"/>
    <property name="java.specification.name" value="Java Platform API Specification"/>
    <property name="java.class.version" value="52.0"/>
    <property name="sun.management.compiler" value="HotSpot 64-Bit Tiered Compilers"/>
    <property name="os.version" value="10.0"/>
    <property name="user.home" value="C:\Users\Sam"/>
    <property name="user.timezone" value="Asia/Shanghai"/>
    <property name="java.awt.printerjob" value="sun.awt.windows.WPrinterJob"/>
    <property name="java.specification.version" value="1.8"/>
    <property name="file.encoding" value="UTF-8"/>
    <property name="user.name" value="Sam"/>
    <property name="java.class.path" value="E:\myMaven\apache-maven-3.6.3\boot\plexus-classworlds-2.6.0.jar;E:\myMaven\apache-maven-3.6.3\boot\plexus-classworlds.license;E:\soft\IDESet\idea\IntelliJ IDEA 2020.1\lib\idea_rt.jar"/>
    <property name="java.vm.specification.version" value="1.8"/>
    <property name="sun.arch.data.model" value="64"/>
    <property name="java.home" value="E:\soft\JDK1\jre"/>
    <property name="sun.java.command" value="org.codehaus.classworlds.Launcher -Didea.version2020.1 -s E:\myMaven\apache-maven-3.6.3\conf\settings.xml test"/>
    <property name="java.specification.vendor" value="Oracle Corporation"/>
    <property name="user.language" value="zh"/>
    <property name="awt.toolkit" value="sun.awt.windows.WToolkit"/>
    <property name="java.vm.info" value="mixed mode"/>
    <property name="java.version" value="1.8.0_211"/>
    <property name="java.ext.dirs" value="E:\soft\JDK1\jre\lib\ext;C:\Windows\Sun\Java\lib\ext"/>
    <property name="sun.boot.class.path" value="E:\soft\JDK1\jre\lib\resources.jar;E:\soft\JDK1\jre\lib\rt.jar;E:\soft\JDK1\jre\lib\sunrsasign.jar;E:\soft\JDK1\jre\lib\jsse.jar;E:\soft\JDK1\jre\lib\jce.jar;E:\soft\JDK1\jre\lib\charsets.jar;E:\soft\JDK1\jre\lib\jfr.jar;E:\soft\JDK1\jre\classes"/>
    <property name="java.vendor" value="Oracle Corporation"/>
    <property name="maven.home" value="E:\myMaven\apache-maven-3.6.3"/>
    <property name="file.separator" value="\"/>
    <property name="java.vendor.url.bug" value="http://bugreport.sun.com/bugreport/"/>
    <property name="sun.cpu.endian" value="little"/>
    <property name="sun.io.unicode.encoding" value="UnicodeLittle"/>
    <property name="sun.desktop" value="windows"/>
    <property name="sun.cpu.isalist" value="amd64"/>
  </properties>
  <testcase classname="cool.smhw.MyTest" name="test01" time="1.06"/>
</testsuite>